<?xml version="1.0" encoding="UTF-8"?>
<!-- Generated by org.testng.reporters.JUnitReportReporter -->
<testsuite hostname="NOI-PG037B2M" failures="0" tests="1" name="LsbfAttemptToRecovery.LsbfErrorHandling.Lsbf_Alumini_Test" time="185.807" errors="1" timestamp="2024-10-22T11:49:26 IST" skipped="0">
  <testcase classname="LsbfAttemptToRecovery.LsbfErrorHandling.Lsbf_Alumini_Test" name="AluminiPage_Test" time="185.807">
    <error message="element click intercepted: Element &lt;button type=&quot;button&quot; class=&quot;components-button is-primary&quot;&gt;...&lt;/button&gt; is not clickable at point (1063, 78). Other element would receive the click: &lt;div tabindex=&quot;0&quot; class=&quot;block-editor-block-list__block wp-block has-block-overlay is-reusable block-library-block__reusable-block-container wp-block-block block-editor-block-list__layout is-hovered&quot; id=&quot;block-59296f22-defd-4f6b-ac74-7041059ba658&quot; role=&quot;document&quot; aria-label=&quot;Block: Pattern&quot; data-block=&quot;59296f22-defd-4f6b-ac74-7041059ba658&quot; data-type=&quot;core/block&quot; data-title=&quot;Pattern&quot; data-is-drop-zone=&quot;true&quot;&gt;...&lt;/div&gt;
  (Session info: chrome=129.0.6668.101)
Build info: version: &#039;4.24.0&#039;, revision: &#039;748ffc9bc3&#039;
System info: os.name: &#039;Windows 11&#039;, os.arch: &#039;amd64&#039;, os.version: &#039;10.0&#039;, java.version: &#039;22.0.1&#039;
Driver info: org.openqa.selenium.chrome.ChromeDriver
Command: [6a498acb9ea3d63ee0eff9d543d51f2c, clickElement {id=f.5DDB21F07FA43AEF7B238073E9191CA2.d.B10F2CD2B79CCD7CCFC05B248241AC83.e.813}]
Capabilities {acceptInsecureCerts: false, browserName: chrome, browserVersion: 129.0.6668.101, chrome: {chromedriverVersion: 129.0.6668.100 (cf58cba358d..., userDataDir: C:\Users\SANDEE~1.KUM\AppDa...}, fedcm:accounts: true, goog:chromeOptions: {debuggerAddress: localhost:49251}, networkConnectionEnabled: false, pageLoadStrategy: normal, platformName: windows, proxy: Proxy(), se:cdp: ws://localhost:49251/devtoo..., se:cdpVersion: 129.0.6668.101, setWindowRect: true, strictFileInteractability: false, timeouts: {implicit: 0, pageLoad: 300000, script: 30000}, unhandledPromptBehavior: dismiss and notify, webauthn:extension:credBlob: true, webauthn:extension:largeBlob: true, webauthn:extension:minPinLength: true, webauthn:extension:prf: true, webauthn:virtualAuthenticators: true}
Element: [[ChromeDriver: chrome on windows (6a498acb9ea3d63ee0eff9d543d51f2c)] -&gt; xpath: //button[contains(text(),&#039;Attempt Block Recovery&#039;)]]
Session ID: 6a498acb9ea3d63ee0eff9d543d51f2c" type="org.openqa.selenium.ElementClickInterceptedException">
      <![CDATA[org.openqa.selenium.ElementClickInterceptedException: element click intercepted: Element <button type="button" class="components-button is-primary">...</button> is not clickable at point (1063, 78). Other element would receive the click: <div tabindex="0" class="block-editor-block-list__block wp-block has-block-overlay is-reusable block-library-block__reusable-block-container wp-block-block block-editor-block-list__layout is-hovered" id="block-59296f22-defd-4f6b-ac74-7041059ba658" role="document" aria-label="Block: Pattern" data-block="59296f22-defd-4f6b-ac74-7041059ba658" data-type="core/block" data-title="Pattern" data-is-drop-zone="true">...</div>
  (Session info: chrome=129.0.6668.101)
Build info: version: '4.24.0', revision: '748ffc9bc3'
System info: os.name: 'Windows 11', os.arch: 'amd64', os.version: '10.0', java.version: '22.0.1'
Driver info: org.openqa.selenium.chrome.ChromeDriver
Command: [6a498acb9ea3d63ee0eff9d543d51f2c, clickElement {id=f.5DDB21F07FA43AEF7B238073E9191CA2.d.B10F2CD2B79CCD7CCFC05B248241AC83.e.813}]
Capabilities {acceptInsecureCerts: false, browserName: chrome, browserVersion: 129.0.6668.101, chrome: {chromedriverVersion: 129.0.6668.100 (cf58cba358d..., userDataDir: C:\Users\SANDEE~1.KUM\AppDa...}, fedcm:accounts: true, goog:chromeOptions: {debuggerAddress: localhost:49251}, networkConnectionEnabled: false, pageLoadStrategy: normal, platformName: windows, proxy: Proxy(), se:cdp: ws://localhost:49251/devtoo..., se:cdpVersion: 129.0.6668.101, setWindowRect: true, strictFileInteractability: false, timeouts: {implicit: 0, pageLoad: 300000, script: 30000}, unhandledPromptBehavior: dismiss and notify, webauthn:extension:credBlob: true, webauthn:extension:largeBlob: true, webauthn:extension:minPinLength: true, webauthn:extension:prf: true, webauthn:virtualAuthenticators: true}
Element: [[ChromeDriver: chrome on windows (6a498acb9ea3d63ee0eff9d543d51f2c)] -> xpath: //button[contains(text(),'Attempt Block Recovery')]]
Session ID: 6a498acb9ea3d63ee0eff9d543d51f2c
at java.base/jdk.internal.reflect.DirectConstructorHandleAccessor.newInstance(DirectConstructorHandleAccessor.java:62)
at java.base/java.lang.reflect.Constructor.newInstanceWithCaller(Constructor.java:502)
at java.base/java.lang.reflect.Constructor.newInstance(Constructor.java:486)
at org.openqa.selenium.remote.ErrorCodec.decode(ErrorCodec.java:167)
at org.openqa.selenium.remote.codec.w3c.W3CHttpResponseCodec.decode(W3CHttpResponseCodec.java:138)
at org.openqa.selenium.remote.codec.w3c.W3CHttpResponseCodec.decode(W3CHttpResponseCodec.java:50)
at org.openqa.selenium.remote.HttpCommandExecutor.execute(HttpCommandExecutor.java:190)
at org.openqa.selenium.remote.service.DriverCommandExecutor.invokeExecute(DriverCommandExecutor.java:216)
at org.openqa.selenium.remote.service.DriverCommandExecutor.execute(DriverCommandExecutor.java:174)
at org.openqa.selenium.remote.RemoteWebDriver.execute(RemoteWebDriver.java:545)
at org.openqa.selenium.remote.RemoteWebElement.execute(RemoteWebElement.java:223)
at org.openqa.selenium.remote.RemoteWebElement.click(RemoteWebElement.java:76)
at LsbfAttemptToRecovery.LsbfErrorHandling.Lsbf_Alumini_Page.ClickAttemptBlockRecovery(Lsbf_Alumini_Page.java:190)
at LsbfAttemptToRecovery.LsbfErrorHandling.CommonAttemptToRecovery.AttemptToRecoveryCommon(CommonAttemptToRecovery.java:16)
at LsbfAttemptToRecovery.LsbfErrorHandling.Lsbf_Alumini_Test.AluminiPage_Test(Lsbf_Alumini_Test.java:57)
at java.base/jdk.internal.reflect.DirectMethodHandleAccessor.invoke(DirectMethodHandleAccessor.java:103)
at java.base/java.lang.reflect.Method.invoke(Method.java:580)
at org.testng.internal.MethodInvocationHelper.invokeMethod(MethodInvocationHelper.java:133)
at org.testng.internal.TestInvoker.invokeMethod(TestInvoker.java:598)
at org.testng.internal.TestInvoker.invokeTestMethod(TestInvoker.java:173)
at org.testng.internal.MethodRunner.runInSequence(MethodRunner.java:46)
at org.testng.internal.TestInvoker$MethodInvocationAgent.invoke(TestInvoker.java:824)
at org.testng.internal.TestInvoker.invokeTestMethods(TestInvoker.java:146)
at org.testng.internal.TestMethodWorker.invokeTestMethods(TestMethodWorker.java:146)
at org.testng.internal.TestMethodWorker.run(TestMethodWorker.java:128)
at java.base/java.util.ArrayList.forEach(ArrayList.java:1597)
at org.testng.TestRunner.privateRun(TestRunner.java:794)
at org.testng.TestRunner.run(TestRunner.java:596)
at org.testng.SuiteRunner.runTest(SuiteRunner.java:377)
at org.testng.SuiteRunner.runSequentially(SuiteRunner.java:371)
at org.testng.SuiteRunner.privateRun(SuiteRunner.java:332)
at org.testng.SuiteRunner.run(SuiteRunner.java:276)
at org.testng.SuiteRunnerWorker.runSuite(SuiteRunnerWorker.java:53)
at org.testng.SuiteRunnerWorker.run(SuiteRunnerWorker.java:96)
at org.testng.TestNG.runSuitesSequentially(TestNG.java:1212)
at org.testng.TestNG.runSuitesLocally(TestNG.java:1134)
at org.testng.TestNG.runSuites(TestNG.java:1063)
at org.testng.TestNG.run(TestNG.java:1031)
at org.testng.remote.AbstractRemoteTestNG.run(AbstractRemoteTestNG.java:115)
at org.testng.remote.RemoteTestNG.initAndRun(RemoteTestNG.java:293)
at org.testng.remote.RemoteTestNG.main(RemoteTestNG.java:91)
]]>
    </error>
  </testcase> <!-- AluminiPage_Test -->
  <system-out/>
</testsuite> <!-- LsbfAttemptToRecovery.LsbfErrorHandling.Lsbf_Alumini_Test -->
